<?xml version="1.0" encoding="UTF-8"?>
<!-- Generated by org.testng.reporters.JUnitReportReporter -->
<testsuite hostname="LAPTOP-2Q9A1CVU" failures="0" tests="1" name="com.actitime.timetrack.MavenTesting" time="0.009" errors="0" timestamp="2020-08-06T15:30:44 IST" skipped="0">
  <testcase classname="com.actitime.timetrack.MavenTesting" name="run" time="0.009"/>
  <system-out>
i am run method  </system-out>
</testsuite> <!-- com.actitime.timetrack.MavenTesting -->
